\BOOKMARK [0][-]{chapter.1}{\376\377\0001\000\040\000N\000a\000m\000e\000s\000p\000a\000c\000e\000\040\000I\000n\000d\000e\000x}{}% 1
\BOOKMARK [1][-]{section.1.1}{\376\377\0001\000.\0001\000\040\000P\000a\000c\000k\000a\000g\000e\000s}{chapter.1}% 2
\BOOKMARK [0][-]{chapter.2}{\376\377\0002\000\040\000C\000l\000a\000s\000s\000\040\000I\000n\000d\000e\000x}{}% 3
\BOOKMARK [1][-]{section.2.1}{\376\377\0002\000.\0001\000\040\000C\000l\000a\000s\000s\000\040\000L\000i\000s\000t}{chapter.2}% 4
\BOOKMARK [0][-]{chapter.3}{\376\377\0003\000\040\000F\000i\000l\000e\000\040\000I\000n\000d\000e\000x}{}% 5
\BOOKMARK [1][-]{section.3.1}{\376\377\0003\000.\0001\000\040\000F\000i\000l\000e\000\040\000L\000i\000s\000t}{chapter.3}% 6
\BOOKMARK [0][-]{chapter.4}{\376\377\0004\000\040\000N\000a\000m\000e\000s\000p\000a\000c\000e\000\040\000D\000o\000c\000u\000m\000e\000n\000t\000a\000t\000i\000o\000n}{}% 7
\BOOKMARK [1][-]{section.4.1}{\376\377\0004\000.\0001\000\040\000K\000a\000s\000s\000a\000A\000p\000p\000a\000r\000a\000t\000\040\000N\000a\000m\000e\000s\000p\000a\000c\000e\000\040\000R\000e\000f\000e\000r\000e\000n\000c\000e}{chapter.4}% 8
\BOOKMARK [0][-]{chapter.5}{\376\377\0005\000\040\000C\000l\000a\000s\000s\000\040\000D\000o\000c\000u\000m\000e\000n\000t\000a\000t\000i\000o\000n}{}% 9
\BOOKMARK [1][-]{section.5.1}{\376\377\0005\000.\0001\000\040\000K\000a\000s\000s\000a\000A\000p\000p\000a\000r\000a\000t\000.\000P\000r\000o\000g\000r\000a\000m\000.\000p\000r\000o\000d\000u\000k\000t\000e\000r\000\040\000S\000t\000r\000u\000c\000t\000\040\000R\000e\000f\000e\000r\000e\000n\000c\000e}{chapter.5}% 10
\BOOKMARK [2][-]{subsection.5.1.1}{\376\377\0005\000.\0001\000.\0001\000\040\000D\000e\000t\000a\000i\000l\000e\000d\000\040\000D\000e\000s\000c\000r\000i\000p\000t\000i\000o\000n}{section.5.1}% 11
\BOOKMARK [2][-]{subsection.5.1.2}{\376\377\0005\000.\0001\000.\0002\000\040\000M\000e\000m\000b\000e\000r\000\040\000D\000a\000t\000a\000\040\000D\000o\000c\000u\000m\000e\000n\000t\000a\000t\000i\000o\000n}{section.5.1}% 12
\BOOKMARK [3][-]{subsubsection.5.1.2.1}{\376\377\0005\000.\0001\000.\0002\000.\0001\000\040\000i\000d}{subsection.5.1.2}% 13
\BOOKMARK [3][-]{subsubsection.5.1.2.2}{\376\377\0005\000.\0001\000.\0002\000.\0002\000\040\000p\000r\000i\000s}{subsection.5.1.2}% 14
\BOOKMARK [3][-]{subsubsection.5.1.2.3}{\376\377\0005\000.\0001\000.\0002\000.\0003\000\040\000v\000a\000r\000e\000N\000a\000v\000n}{subsection.5.1.2}% 15
\BOOKMARK [1][-]{section.5.2}{\376\377\0005\000.\0002\000\040\000K\000a\000s\000s\000a\000A\000p\000p\000a\000r\000a\000t\000.\000P\000r\000o\000g\000r\000a\000m\000\040\000C\000l\000a\000s\000s\000\040\000R\000e\000f\000e\000r\000e\000n\000c\000e}{chapter.5}% 16
\BOOKMARK [2][-]{subsection.5.2.1}{\376\377\0005\000.\0002\000.\0001\000\040\000D\000e\000t\000a\000i\000l\000e\000d\000\040\000D\000e\000s\000c\000r\000i\000p\000t\000i\000o\000n}{section.5.2}% 17
\BOOKMARK [1][-]{section.5.3}{\376\377\0005\000.\0003\000\040\000K\000a\000s\000s\000a\000A\000p\000p\000a\000r\000a\000t\000.\000P\000r\000o\000g\000r\000a\000m\000.\000s\000o\000l\000g\000t\000P\000r\000o\000d\000u\000k\000t\000e\000r\000\040\000S\000t\000r\000u\000c\000t\000\040\000R\000e\000f\000e\000r\000e\000n\000c\000e}{chapter.5}% 18
\BOOKMARK [2][-]{subsection.5.3.1}{\376\377\0005\000.\0003\000.\0001\000\040\000D\000e\000t\000a\000i\000l\000e\000d\000\040\000D\000e\000s\000c\000r\000i\000p\000t\000i\000o\000n}{section.5.3}% 19
\BOOKMARK [2][-]{subsection.5.3.2}{\376\377\0005\000.\0003\000.\0002\000\040\000M\000e\000m\000b\000e\000r\000\040\000D\000a\000t\000a\000\040\000D\000o\000c\000u\000m\000e\000n\000t\000a\000t\000i\000o\000n}{section.5.3}% 20
\BOOKMARK [3][-]{subsubsection.5.3.2.1}{\376\377\0005\000.\0003\000.\0002\000.\0001\000\040\000a\000n\000t\000a\000l}{subsection.5.3.2}% 21
\BOOKMARK [3][-]{subsubsection.5.3.2.2}{\376\377\0005\000.\0003\000.\0002\000.\0002\000\040\000i\000d}{subsection.5.3.2}% 22
\BOOKMARK [3][-]{subsubsection.5.3.2.3}{\376\377\0005\000.\0003\000.\0002\000.\0003\000\040\000s\000u\000m}{subsection.5.3.2}% 23
\BOOKMARK [0][-]{chapter.6}{\376\377\0006\000\040\000F\000i\000l\000e\000\040\000D\000o\000c\000u\000m\000e\000n\000t\000a\000t\000i\000o\000n}{}% 24
\BOOKMARK [1][-]{section.6.1}{\376\377\0006\000.\0001\000\040\000K\000a\000s\000s\000a\000A\000p\000p\000a\000r\000a\000t\000/\000o\000b\000j\000/\000D\000e\000b\000u\000g\000/\000T\000e\000m\000p\000o\000r\000a\000r\000y\000G\000e\000n\000e\000r\000a\000t\000e\000d\000F\000i\000l\000e\000\137\0000\0003\0006\000C\0000\000B\0005\000B\000-\0001\0004\0008\0001\000-\0004\0003\0002\0003\000-\0008\000D\0002\0000\000-\0008\000F\0005\000A\000D\000C\000B\0002\0003\000D\0009\0002\000.\000c\000s\000\040\000F\000i\000l\000e\000\040\000R\000e\000f\000e\000r\000e\000n\000c\000e}{chapter.6}% 25
\BOOKMARK [1][-]{section.6.2}{\376\377\0006\000.\0002\000\040\000K\000a\000s\000s\000a\000A\000p\000p\000a\000r\000a\000t\000/\000o\000b\000j\000/\000D\000e\000b\000u\000g\000/\000T\000e\000m\000p\000o\000r\000a\000r\000y\000G\000e\000n\000e\000r\000a\000t\000e\000d\000F\000i\000l\000e\000\137\0005\0009\0003\0007\000a\0006\0007\0000\000-\0000\000e\0006\0000\000-\0004\0000\0007\0007\000-\0008\0007\0007\000b\000-\000f\0007\0002\0002\0001\000d\000a\0003\000d\000d\000a\0001\000.\000c\000s\000\040\000F\000i\000l\000e\000\040\000R\000e\000f\000e\000r\000e\000n\000c\000e}{chapter.6}% 26
\BOOKMARK [1][-]{section.6.3}{\376\377\0006\000.\0003\000\040\000K\000a\000s\000s\000a\000A\000p\000p\000a\000r\000a\000t\000/\000o\000b\000j\000/\000D\000e\000b\000u\000g\000/\000T\000e\000m\000p\000o\000r\000a\000r\000y\000G\000e\000n\000e\000r\000a\000t\000e\000d\000F\000i\000l\000e\000\137\000E\0007\000A\0007\0001\000F\0007\0003\000-\0000\000F\0008\000D\000-\0004\000B\0009\000B\000-\000B\0005\0006\000E\000-\0008\000E\0007\0000\000B\0001\0000\000B\000C\0005\000D\0003\000.\000c\000s\000\040\000F\000i\000l\000e\000\040\000R\000e\000f\000e\000r\000e\000n\000c\000e}{chapter.6}% 27
\BOOKMARK [1][-]{section.6.4}{\376\377\0006\000.\0004\000\040\000K\000a\000s\000s\000a\000A\000p\000p\000a\000r\000a\000t\000/\000P\000r\000o\000g\000r\000a\000m\000.\000c\000s\000\040\000F\000i\000l\000e\000\040\000R\000e\000f\000e\000r\000e\000n\000c\000e}{chapter.6}% 28
\BOOKMARK [1][-]{section.6.5}{\376\377\0006\000.\0005\000\040\000K\000a\000s\000s\000a\000A\000p\000p\000a\000r\000a\000t\000/\000P\000r\000o\000p\000e\000r\000t\000i\000e\000s\000/\000A\000s\000s\000e\000m\000b\000l\000y\000I\000n\000f\000o\000.\000c\000s\000\040\000F\000i\000l\000e\000\040\000R\000e\000f\000e\000r\000e\000n\000c\000e}{chapter.6}% 29
\BOOKMARK [0][-]{section*.8}{\376\377\000I\000n\000d\000e\000x}{}% 30
